2025-05-09 02:25:31 root         INFO     Starting GetRecords Consumer
2025-05-09 02:25:31 botocore.credentials INFO     Found credentials in shared credentials file: /home/coder/.aws/credentials
2025-05-09 02:25:31 root         INFO     Read Order {'event_time': '2024-06-01 00:03:00', 'total_sales': 9950.0} from Shard shardId-000000000000 at position 49663119733761851119213221077753982995634695444325466114
2025-05-09 02:25:31 root         INFO     Read Order {'event_time': '2024-06-01 00:06:00', 'total_sales': 24224} from Shard shardId-000000000000 at position 49663119733761851119213221077755191921454310073500172290
2025-05-09 02:25:31 root         INFO     Read Order {'event_time': '2024-06-01 00:09:00', 'total_sales': 21023} from Shard shardId-000000000000 at position 49663119733761851119213221077756400847273924702674878466
2025-05-09 02:25:31 root         INFO     Read Order {'event_time': '2024-06-01 00:12:00', 'total_sales': 17136} from Shard shardId-000000000000 at position 49663119733761851119213221077757609773093539331849584642
2025-05-09 02:25:31 root         INFO     Read Order {'event_time': '2024-06-01 00:15:00', 'total_sales': 20790.0} from Shard shardId-000000000000 at position 49663119733761851119213221077758818698913153961024290818
2025-05-09 02:25:31 root         INFO     Read Order {'event_time': '2024-06-01 00:18:00', 'total_sales': 21033} from Shard shardId-000000000000 at position 49663119733761851119213221077760027624732768590198996994
2025-05-09 02:25:31 root         INFO     Read Order {'event_time': '2024-06-01 00:21:00', 'total_sales': 24367} from Shard shardId-000000000000 at position 49663119733761851119213221077761236550552383219373703170
2025-05-09 02:25:31 root         INFO     Read Order {'event_time': '2024-06-01 00:24:00', 'total_sales': 25045} from Shard shardId-000000000000 at position 49663119733761851119213221077762445476371997848548409346
2025-05-09 02:25:31 root         INFO     Read Order {'event_time': '2024-06-01 00:27:00', 'total_sales': 25546} from Shard shardId-000000000000 at position 49663119733761851119213221077763654402191612477723115522
2025-05-09 02:25:31 root         INFO     Read Order {'event_time': '2024-06-01 00:30:00', 'total_sales': 20914} from Shard shardId-000000000000 at position 49663119733761851119213221077764863328011227106897821698
2025-05-09 02:25:31 root         INFO     Read Order {'event_time': '2024-06-01 00:33:00', 'total_sales': 16973} from Shard shardId-000000000000 at position 49663119733761851119213221077766072253830841736072527874
2025-05-09 02:25:31 root         INFO     Read Order {'event_time': '2024-06-01 00:36:00', 'total_sales': 21079} from Shard shardId-000000000000 at position 49663119733761851119213221077767281179650456365247234050
2025-05-09 02:25:31 root         INFO     Read Order {'event_time': '2024-06-01 00:39:00', 'total_sales': 22807} from Shard shardId-000000000000 at position 49663119733761851119213221077768490105470070994421940226
2025-05-09 02:25:31 root         INFO     Read Order {'event_time': '2024-06-01 00:42:00', 'total_sales': 19354} from Shard shardId-000000000000 at position 49663119733761851119213221077769699031289685623596646402
2025-05-09 02:25:31 root         INFO     Read Order {'event_time': '2024-06-01 00:45:00', 'total_sales': 14397} from Shard shardId-000000000000 at position 49663119733761851119213221077770907957109300252771352578
2025-05-09 02:25:31 root         INFO     Read Order {'event_time': '2024-06-01 00:48:00', 'total_sales': 17888} from Shard shardId-000000000000 at position 49663119733761851119213221077772116882928914881946058754
2025-05-09 02:25:31 root         INFO     Read Order {'event_time': '2024-06-01 00:51:00', 'total_sales': 24522} from Shard shardId-000000000000 at position 49663119733761851119213221077773325808748529511120764930
2025-05-09 02:25:31 root         INFO     Read Order {'event_time': '2024-06-01 00:54:00', 'total_sales': 26317} from Shard shardId-000000000000 at position 49663119733761851119213221077774534734568144140295471106
2025-05-09 02:25:31 root         INFO     Read Order {'event_time': '2024-06-01 00:57:00', 'total_sales': 25281} from Shard shardId-000000000000 at position 49663119733761851119213221077775743660387758769470177282
2025-05-09 02:25:35 root         INFO     Read Order {'event_time': '2024-06-01 01:00:00', 'total_sales': 25385} from Shard shardId-000000000000 at position 49663119733761851119213221109073624204390902956726157314
2025-05-09 02:28:32 root         INFO     Read Order {'event_time': '2024-06-01 01:03:00', 'total_sales': 21177} from Shard shardId-000000000000 at position 49663119733761851119213221148848492595531829665800912898
2025-05-09 02:31:30 root         INFO     Read Order {'event_time': '2024-06-01 01:06:00', 'total_sales': 16120.0} from Shard shardId-000000000000 at position 49663119733761851119213221190208262736187535154195988482
2025-05-09 02:34:40 root         INFO     Read Order {'event_time': '2024-06-01 01:09:00', 'total_sales': 18225} from Shard shardId-000000000000 at position 49663119733761851119213221235755751915988316997126455298
2025-05-09 02:36:37 root         INFO     Starting GetRecords Consumer
2025-05-09 02:36:37 botocore.credentials INFO     Found credentials in shared credentials file: /home/coder/.aws/credentials
2025-05-09 02:36:50 root         INFO     Read Order {'event_time': '2024-06-01 00:03:00', 'device_type': 'desktop', 'orders_count': 8} from Shard shardId-000000000000 at position 49663119733761851119213221251163511486976770639120039938
2025-05-09 02:36:50 root         INFO     Read Order {'event_time': '2024-06-01 00:03:00', 'device_type': 'mobile', 'orders_count': 7} from Shard shardId-000000000000 at position 49663119733761851119213221251164720412796385268294746114
2025-05-09 02:36:50 root         INFO     Read Order {'event_time': '2024-06-01 00:03:00', 'device_type': 'tablet', 'orders_count': 4} from Shard shardId-000000000000 at position 49663119733761851119213221251165929338615999897469452290
2025-05-09 02:36:50 root         INFO     Read Order {'event_time': '2024-06-01 00:06:00', 'device_type': 'tablet', 'orders_count': 10.0} from Shard shardId-000000000000 at position 49663119733761851119213221251167138264435614526644158466
2025-05-09 02:36:50 root         INFO     Read Order {'event_time': '2024-06-01 00:06:00', 'device_type': 'desktop', 'orders_count': 19} from Shard shardId-000000000000 at position 49663119733761851119213221251168347190255229155818864642
2025-05-09 02:36:50 root         INFO     Read Order {'event_time': '2024-06-01 00:06:00', 'device_type': 'mobile', 'orders_count': 12} from Shard shardId-000000000000 at position 49663119733761851119213221251169556116074843784993570818
2025-05-09 02:36:50 root         INFO     Read Order {'event_time': '2024-06-01 00:09:00', 'device_type': 'mobile', 'orders_count': 9} from Shard shardId-000000000000 at position 49663119733761851119213221251170765041894458414168276994
2025-05-09 02:36:50 root         INFO     Read Order {'event_time': '2024-06-01 00:09:00', 'device_type': 'tablet', 'orders_count': 9} from Shard shardId-000000000000 at position 49663119733761851119213221251171973967714073043342983170
2025-05-09 02:36:50 root         INFO     Read Order {'event_time': '2024-06-01 00:09:00', 'device_type': 'desktop', 'orders_count': 18} from Shard shardId-000000000000 at position 49663119733761851119213221251173182893533687672517689346
2025-05-09 02:36:50 root         INFO     Read Order {'event_time': '2024-06-01 00:12:00', 'device_type': 'desktop', 'orders_count': 12} from Shard shardId-000000000000 at position 49663119733761851119213221251174391819353302301692395522
2025-05-09 02:36:50 root         INFO     Read Order {'event_time': '2024-06-01 00:12:00', 'device_type': 'mobile', 'orders_count': 14} from Shard shardId-000000000000 at position 49663119733761851119213221251175600745172916930867101698
2025-05-09 02:36:50 root         INFO     Read Order {'event_time': '2024-06-01 00:12:00', 'device_type': 'tablet', 'orders_count': 8} from Shard shardId-000000000000 at position 49663119733761851119213221251176809670992531560041807874
2025-05-09 02:36:50 root         INFO     Read Order {'event_time': '2024-06-01 00:15:00', 'device_type': 'tablet', 'orders_count': 9} from Shard shardId-000000000000 at position 49663119733761851119213221251178018596812146189216514050
2025-05-09 02:36:50 root         INFO     Read Order {'event_time': '2024-06-01 00:15:00', 'device_type': 'desktop', 'orders_count': 14} from Shard shardId-000000000000 at position 49663119733761851119213221251179227522631760818391220226
2025-05-09 02:36:50 root         INFO     Read Order {'event_time': '2024-06-01 00:15:00', 'device_type': 'mobile', 'orders_count': 17} from Shard shardId-000000000000 at position 49663119733761851119213221251180436448451375447565926402
2025-05-09 02:36:50 root         INFO     Read Order {'event_time': '2024-06-01 00:18:00', 'device_type': 'mobile', 'orders_count': 12} from Shard shardId-000000000000 at position 49663119733761851119213221251181645374270990076740632578
2025-05-09 02:36:50 root         INFO     Read Order {'event_time': '2024-06-01 00:18:00', 'device_type': 'tablet', 'orders_count': 12} from Shard shardId-000000000000 at position 49663119733761851119213221251182854300090604705915338754
2025-05-09 02:36:50 root         INFO     Read Order {'event_time': '2024-06-01 00:18:00', 'device_type': 'desktop', 'orders_count': 17} from Shard shardId-000000000000 at position 49663119733761851119213221251184063225910219335090044930
2025-05-09 02:36:50 root         INFO     Read Order {'event_time': '2024-06-01 00:21:00', 'device_type': 'desktop', 'orders_count': 10.0} from Shard shardId-000000000000 at position 49663119733761851119213221251185272151729833964264751106
2025-05-09 02:36:50 root         INFO     Read Order {'event_time': '2024-06-01 00:21:00', 'device_type': 'mobile', 'orders_count': 16} from Shard shardId-000000000000 at position 49663119733761851119213221251186481077549448593439457282
2025-05-09 02:36:50 root         INFO     Read Order {'event_time': '2024-06-01 00:21:00', 'device_type': 'tablet', 'orders_count': 15} from Shard shardId-000000000000 at position 49663119733761851119213221251187690003369063222614163458
2025-05-09 02:36:50 root         INFO     Read Order {'event_time': '2024-06-01 00:24:00', 'device_type': 'tablet', 'orders_count': 12} from Shard shardId-000000000000 at position 49663119733761851119213221251188898929188677851788869634
2025-05-09 02:36:50 root         INFO     Read Order {'event_time': '2024-06-01 00:24:00', 'device_type': 'desktop', 'orders_count': 8} from Shard shardId-000000000000 at position 49663119733761851119213221251190107855008292480963575810
2025-05-09 02:36:50 root         INFO     Read Order {'event_time': '2024-06-01 00:24:00', 'device_type': 'mobile', 'orders_count': 18} from Shard shardId-000000000000 at position 49663119733761851119213221251191316780827907110138281986
2025-05-09 02:36:50 root         INFO     Read Order {'event_time': '2024-06-01 00:27:00', 'device_type': 'mobile', 'orders_count': 14} from Shard shardId-000000000000 at position 49663119733761851119213221251192525706647521739312988162
2025-05-09 02:36:50 root         INFO     Read Order {'event_time': '2024-06-01 00:27:00', 'device_type': 'tablet', 'orders_count': 12} from Shard shardId-000000000000 at position 49663119733761851119213221251193734632467136368487694338
2025-05-09 02:36:50 root         INFO     Read Order {'event_time': '2024-06-01 00:27:00', 'device_type': 'desktop', 'orders_count': 15} from Shard shardId-000000000000 at position 49663119733761851119213221251194943558286750997662400514
2025-05-09 02:36:50 root         INFO     Read Order {'event_time': '2024-06-01 00:30:00', 'device_type': 'desktop', 'orders_count': 20.0} from Shard shardId-000000000000 at position 49663119733761851119213221252500583443470550918661931010
2025-05-09 02:36:50 root         INFO     Read Order {'event_time': '2024-06-01 00:30:00', 'device_type': 'mobile', 'orders_count': 11} from Shard shardId-000000000000 at position 49663119733761851119213221252501792369290165547836637186
2025-05-09 02:36:50 root         INFO     Read Order {'event_time': '2024-06-01 00:30:00', 'device_type': 'tablet', 'orders_count': 8} from Shard shardId-000000000000 at position 49663119733761851119213221252503001295109780177011343362
2025-05-09 02:36:50 root         INFO     Read Order {'event_time': '2024-06-01 00:33:00', 'device_type': 'tablet', 'orders_count': 5} from Shard shardId-000000000000 at position 49663119733761851119213221252504210220929394806186049538
2025-05-09 02:36:50 root         INFO     Read Order {'event_time': '2024-06-01 00:33:00', 'device_type': 'desktop', 'orders_count': 18} from Shard shardId-000000000000 at position 49663119733761851119213221252505419146749009435360755714
2025-05-09 02:36:50 root         INFO     Read Order {'event_time': '2024-06-01 00:33:00', 'device_type': 'mobile', 'orders_count': 12} from Shard shardId-000000000000 at position 49663119733761851119213221252506628072568624064535461890
2025-05-09 02:36:50 root         INFO     Read Order {'event_time': '2024-06-01 00:36:00', 'device_type': 'mobile', 'orders_count': 16} from Shard shardId-000000000000 at position 49663119733761851119213221252507836998388238693710168066
2025-05-09 02:36:50 root         INFO     Read Order {'event_time': '2024-06-01 00:36:00', 'device_type': 'tablet', 'orders_count': 9} from Shard shardId-000000000000 at position 49663119733761851119213221252509045924207853322884874242
2025-05-09 02:36:50 root         INFO     Read Order {'event_time': '2024-06-01 00:36:00', 'device_type': 'desktop', 'orders_count': 12} from Shard shardId-000000000000 at position 49663119733761851119213221252510254850027467952059580418
2025-05-09 02:36:50 root         INFO     Read Order {'event_time': '2024-06-01 00:39:00', 'device_type': 'desktop', 'orders_count': 9} from Shard shardId-000000000000 at position 49663119733761851119213221252511463775847082581234286594
2025-05-09 02:36:50 root         INFO     Read Order {'event_time': '2024-06-01 00:39:00', 'device_type': 'mobile', 'orders_count': 15} from Shard shardId-000000000000 at position 49663119733761851119213221252512672701666697210408992770
2025-05-09 02:36:50 root         INFO     Read Order {'event_time': '2024-06-01 00:39:00', 'device_type': 'tablet', 'orders_count': 11} from Shard shardId-000000000000 at position 49663119733761851119213221252513881627486311839583698946
2025-05-09 02:36:50 root         INFO     Read Order {'event_time': '2024-06-01 00:42:00', 'device_type': 'tablet', 'orders_count': 12} from Shard shardId-000000000000 at position 49663119733761851119213221252515090553305926468758405122
2025-05-09 02:36:50 root         INFO     Read Order {'event_time': '2024-06-01 00:42:00', 'device_type': 'desktop', 'orders_count': 11} from Shard shardId-000000000000 at position 49663119733761851119213221252516299479125541097933111298
2025-05-09 02:36:50 root         INFO     Read Order {'event_time': '2024-06-01 00:42:00', 'device_type': 'mobile', 'orders_count': 7} from Shard shardId-000000000000 at position 49663119733761851119213221252517508404945155727107817474
2025-05-09 02:36:50 root         INFO     Read Order {'event_time': '2024-06-01 00:45:00', 'device_type': 'mobile', 'orders_count': 9} from Shard shardId-000000000000 at position 49663119733761851119213221253661152230300595338696720386
2025-05-09 02:36:50 root         INFO     Read Order {'event_time': '2024-06-01 00:45:00', 'device_type': 'tablet', 'orders_count': 9} from Shard shardId-000000000000 at position 49663119733761851119213221253662361156120209967871426562
2025-05-09 02:36:50 root         INFO     Read Order {'event_time': '2024-06-01 00:45:00', 'device_type': 'desktop', 'orders_count': 8} from Shard shardId-000000000000 at position 49663119733761851119213221253663570081939824597046132738
2025-05-09 02:36:50 root         INFO     Read Order {'event_time': '2024-06-01 00:48:00', 'device_type': 'desktop', 'orders_count': 7} from Shard shardId-000000000000 at position 49663119733761851119213221253664779007759439226220838914
2025-05-09 02:36:50 root         INFO     Read Order {'event_time': '2024-06-01 00:48:00', 'device_type': 'mobile', 'orders_count': 17} from Shard shardId-000000000000 at position 49663119733761851119213221253665987933579053855395545090
2025-05-09 02:36:50 root         INFO     Read Order {'event_time': '2024-06-01 00:48:00', 'device_type': 'tablet', 'orders_count': 9} from Shard shardId-000000000000 at position 49663119733761851119213221253667196859398668484570251266
2025-05-09 02:36:50 root         INFO     Read Order {'event_time': '2024-06-01 00:51:00', 'device_type': 'tablet', 'orders_count': 15} from Shard shardId-000000000000 at position 49663119733761851119213221253668405785218283113744957442
2025-05-09 02:36:50 root         INFO     Read Order {'event_time': '2024-06-01 00:51:00', 'device_type': 'desktop', 'orders_count': 11} from Shard shardId-000000000000 at position 49663119733761851119213221253669614711037897742919663618
2025-05-09 02:36:50 root         INFO     Read Order {'event_time': '2024-06-01 00:51:00', 'device_type': 'mobile', 'orders_count': 14} from Shard shardId-000000000000 at position 49663119733761851119213221253670823636857512372094369794
2025-05-09 02:36:50 root         INFO     Read Order {'event_time': '2024-06-01 00:54:00', 'device_type': 'mobile', 'orders_count': 14} from Shard shardId-000000000000 at position 49663119733761851119213221253672032562677127001269075970
2025-05-09 02:36:50 root         INFO     Read Order {'event_time': '2024-06-01 00:54:00', 'device_type': 'tablet', 'orders_count': 15} from Shard shardId-000000000000 at position 49663119733761851119213221253673241488496741630443782146
2025-05-09 02:36:50 root         INFO     Read Order {'event_time': '2024-06-01 00:54:00', 'device_type': 'desktop', 'orders_count': 14} from Shard shardId-000000000000 at position 49663119733761851119213221253674450414316356259618488322
2025-05-09 02:36:50 root         INFO     Read Order {'event_time': '2024-06-01 00:57:00', 'device_type': 'desktop', 'orders_count': 13} from Shard shardId-000000000000 at position 49663119733761851119213221253675659340135970888793194498
2025-05-09 02:36:50 root         INFO     Read Order {'event_time': '2024-06-01 00:57:00', 'device_type': 'mobile', 'orders_count': 15} from Shard shardId-000000000000 at position 49663119733761851119213221253676868265955585517967900674
2025-05-09 02:36:50 root         INFO     Read Order {'event_time': '2024-06-01 00:57:00', 'device_type': 'tablet', 'orders_count': 18} from Shard shardId-000000000000 at position 49663119733761851119213221253678077191775200147142606850
2025-05-09 02:36:50 root         INFO     Read Order {'event_time': '2024-06-01 01:00:00', 'device_type': 'tablet', 'orders_count': 17} from Shard shardId-000000000000 at position 49663119733761851119213221253679286117594814776317313026
2025-05-09 02:36:50 root         INFO     Read Order {'event_time': '2024-06-01 01:00:00', 'device_type': 'desktop', 'orders_count': 9} from Shard shardId-000000000000 at position 49663119733761851119213221253680495043414429405492019202
2025-05-09 02:36:50 root         INFO     Read Order {'event_time': '2024-06-01 01:00:00', 'device_type': 'mobile', 'orders_count': 16} from Shard shardId-000000000000 at position 49663119733761851119213221253681703969234044034666725378
2025-05-09 02:36:50 root         INFO     Read Order {'event_time': '2024-06-01 01:03:00', 'device_type': 'mobile', 'orders_count': 13} from Shard shardId-000000000000 at position 49663119733761851119213221253682912895053658663841431554
2025-05-09 02:36:50 root         INFO     Read Order {'event_time': '2024-06-01 01:03:00', 'device_type': 'tablet', 'orders_count': 11} from Shard shardId-000000000000 at position 49663119733761851119213221253684121820873273293016137730
2025-05-09 02:36:50 root         INFO     Read Order {'event_time': '2024-06-01 01:03:00', 'device_type': 'desktop', 'orders_count': 10.0} from Shard shardId-000000000000 at position 49663119733761851119213221253685330746692887922190843906
2025-05-09 02:36:50 root         INFO     Read Order {'event_time': '2024-06-01 01:06:00', 'device_type': 'desktop', 'orders_count': 12} from Shard shardId-000000000000 at position 49663119733761851119213221253686539672512502551365550082
2025-05-09 02:36:50 root         INFO     Read Order {'event_time': '2024-06-01 01:06:00', 'device_type': 'mobile', 'orders_count': 10.0} from Shard shardId-000000000000 at position 49663119733761851119213221253687748598332117180540256258
2025-05-09 02:36:50 root         INFO     Read Order {'event_time': '2024-06-01 01:06:00', 'device_type': 'tablet', 'orders_count': 8} from Shard shardId-000000000000 at position 49663119733761851119213221253688957524151731809714962434
2025-05-09 02:36:50 root         INFO     Read Order {'event_time': '2024-06-01 01:09:00', 'device_type': 'tablet', 'orders_count': 8} from Shard shardId-000000000000 at position 49663119733761851119213221253690166449971346438889668610
2025-05-09 02:36:50 root         INFO     Read Order {'event_time': '2024-06-01 01:09:00', 'device_type': 'desktop', 'orders_count': 14} from Shard shardId-000000000000 at position 49663119733761851119213221253691375375790961068064374786
2025-05-09 02:36:50 root         INFO     Read Order {'event_time': '2024-06-01 01:09:00', 'device_type': 'mobile', 'orders_count': 10.0} from Shard shardId-000000000000 at position 49663119733761851119213221253692584301610575697239080962
2025-05-09 02:37:32 root         INFO     Read Order {'event_time': '2024-06-01 01:12:00', 'device_type': 'mobile', 'orders_count': 10.0} from Shard shardId-000000000000 at position 49663119733761851119213221274007373774414810533754568706
2025-05-09 02:37:32 root         INFO     Read Order {'event_time': '2024-06-01 01:12:00', 'device_type': 'tablet', 'orders_count': 13} from Shard shardId-000000000000 at position 49663119733761851119213221274008582700234425162929274882
2025-05-09 02:37:32 root         INFO     Read Order {'event_time': '2024-06-01 01:12:00', 'device_type': 'desktop', 'orders_count': 14} from Shard shardId-000000000000 at position 49663119733761851119213221274009791626054039792103981058
2025-05-09 02:40:39 root         INFO     Read Order {'event_time': '2024-06-01 01:15:00', 'device_type': 'desktop', 'orders_count': 11} from Shard shardId-000000000000 at position 49663119733761851119213221316039306670776250599200522242
2025-05-09 02:40:39 root         INFO     Read Order {'event_time': '2024-06-01 01:15:00', 'device_type': 'mobile', 'orders_count': 13} from Shard shardId-000000000000 at position 49663119733761851119213221316040515596595865228375228418
2025-05-09 02:40:39 root         INFO     Read Order {'event_time': '2024-06-01 01:15:00', 'device_type': 'tablet', 'orders_count': 13} from Shard shardId-000000000000 at position 49663119733761851119213221316041724522415479857549934594
